<?xml version="1.0" encoding="UTF-8"?>
<!-- Generated by org.testng.reporters.JUnitReportReporter -->
<testsuite hostname="DESKTOP-9237CBV" failures="0" tests="1" name="APITesting.TC003_GET_Request" time="1.876" errors="0" timestamp="27 Jun 2020 17:02:02 GMT" skipped="0">
  <testcase classname="APITesting.TC003_GET_Request" name="googleMapTest" time="1.876"/>
</testsuite> <!-- APITesting.TC003_GET_Request -->
