<?xml version="1.0" encoding="UTF-8"?>
<!-- Generated by org.testng.reporters.JUnitReportReporter -->
<testsuite hostname="DESKTOP-9237CBV" failures="0" tests="1" name="APITesting.TC002_POST_Request" time="1.858" errors="0" timestamp="27 Jun 2020 12:51:31 GMT" skipped="0">
  <testcase classname="APITesting.TC002_POST_Request" name="RegistrationTesting" time="1.858"/>
</testsuite> <!-- APITesting.TC002_POST_Request -->
