<?xml version="1.0" encoding="UTF-8"?>
<!-- Generated by org.testng.reporters.JUnitReportReporter -->
<testsuite hostname="DESKTOP-9237CBV" failures="0" tests="1" name="APITesting.TC007_Get_Request_Authorisation" time="1.711" errors="0" timestamp="27 Jun 2020 21:41:55 GMT" skipped="0">
  <testcase classname="APITesting.TC007_Get_Request_Authorisation" name="AuthorisationTest" time="1.711"/>
</testsuite> <!-- APITesting.TC007_Get_Request_Authorisation -->
