<?xml version="1.0" encoding="UTF-8"?>
<!-- Generated by org.testng.reporters.JUnitReportReporter -->
<testsuite hostname="DESKTOP-9237CBV" failures="0" tests="1" name="APITesting.TC005_Get_Request_ValidatingJSONResponse" time="1.271" errors="0" timestamp="06 Jul 2020 20:55:50 GMT" skipped="0">
  <testcase classname="APITesting.TC005_Get_Request_ValidatingJSONResponse" name="getWeatherDetails" time="1.271"/>
</testsuite> <!-- APITesting.TC005_Get_Request_ValidatingJSONResponse -->
