<?xml version="1.0" encoding="UTF-8"?>
<!-- Generated by org.testng.reporters.JUnitReportReporter -->
<testsuite hostname="DESKTOP-9237CBV" failures="0" tests="1" name="APITesting.TC001_GET_Request" time="1.408" errors="0" timestamp="2020-07-13T22:51:17 BST" skipped="0">
  <testcase classname="APITesting.TC001_GET_Request" name="getweatherDetails" time="1.408"/>
  <system-out/>
</testsuite> <!-- APITesting.TC001_GET_Request -->
