<?xml version="1.0" encoding="UTF-8"?>
<!-- Generated by org.testng.reporters.JUnitReportReporter -->
<testsuite hostname="DESKTOP-9237CBV" failures="0" tests="1" name="APITesting.TC004_Get_Request_PrintAllHeaders" time="1.435" errors="0" timestamp="06 Jul 2020 16:38:21 GMT" skipped="0">
  <testcase classname="APITesting.TC004_Get_Request_PrintAllHeaders" name="GetWeatherDetails" time="1.435"/>
</testsuite> <!-- APITesting.TC004_Get_Request_PrintAllHeaders -->
